<?xml version="1.0" encoding="UTF-8"?>
<Site BuildName="Linux-c++"
	BuildStamp="20241004-1637-Experimental"
	Name="arch"
	Generator="ctest-3.30.4"
	CompilerName="/usr/bin/c++"
	CompilerVersion="14.2.1"
	OSName="Linux"
	Hostname="arch"
	OSRelease="6.10.10-arch1-1"
	OSVersion="#1 SMP PREEMPT_DYNAMIC Thu, 12 Sep 2024 17:21:02 +0000"
	OSPlatform="x86_64"
	Is64Bits="1"
	VendorString="AuthenticAMD"
	VendorID="Advanced Micro Devices"
	FamilyID="23"
	ModelID="24"
	ProcessorCacheSize="512"
	NumberOfLogicalCPU="4"
	NumberOfPhysicalCPU="4"
	TotalVirtualMemory="1907"
	TotalPhysicalMemory="15668"
	LogicalProcessorsPerPhysical="1"
	ProcessorClockFrequency="3746.93"
	>
	<Testing>
		<StartDateTime>Oct 04 20:46 +03</StartDateTime>
		<StartTestTime>1728064015</StartTestTime>
		<TestList/>
		<EndDateTime>Oct 04 20:46 +03</EndDateTime>
		<EndTestTime>1728064015</EndTestTime>
		<ElapsedMinutes>0</ElapsedMinutes>
	</Testing>
</Site>
